{
  "Cucumber Features": {
    "coverage": {
      "/home/shripad/capstone-matching/app/models/user.rb": {
        "lines": [
          1,
          null,
          null,
          1,
          null,
          null,
          null,
          1,
          0,
          0,
          0,
          0,
          0,
          0,
          null,
          null,
          null,
          0,
          null,
          null,
          null,
          null,
          null,
          0,
          null,
          0,
          null,
          null,
          null,
          null,
          null,
          null,
          null
        ]
      },
      "/home/shripad/capstone-matching/app/models/application_record.rb": {
        "lines": [
          1,
          1,
          null
        ]
      },
      "/home/shripad/capstone-matching/app/controllers/home_controller.rb": {
        "lines": [
          1,
          1,
          null,
          null
        ]
      },
      "/home/shripad/capstone-matching/app/controllers/application_controller.rb": {
        "lines": [
          1,
          null
        ]
      },
      "/home/shripad/capstone-matching/app/helpers/application_helper.rb": {
        "lines": [
          1,
          null
        ]
      },
      "/home/shripad/capstone-matching/app/helpers/dev_test_helper.rb": {
        "lines": [
          1,
          null
        ]
      },
      "/home/shripad/capstone-matching/app/helpers/home_helper.rb": {
        "lines": [
          1,
          null
        ]
      },
      "/home/shripad/capstone-matching/app/controllers/users/sessions_controller.rb": {
        "lines": [
          null,
          null,
          1,
          null,
          null,
          null,
          null,
          null,
          null,
          null,
          null,
          null,
          null,
          null,
          null,
          null,
          null,
          null,
          null,
          null,
          null,
          null,
          null,
          null,
          null,
          null,
          null,
          1,
          0,
          null,
          null,
          1,
          0,
          null,
          null
        ]
      },
      "/home/shripad/capstone-matching/app/controllers/ProfregistrationController.rb": {
        "lines": [
          1,
          1,
          null,
          null,
          1,
          null,
          3,
          3,
          3,
          null,
          3,
          2,
          null,
          2,
          1,
          null,
          1,
          1,
          1,
          null,
          null,
          null,
          1,
          null,
          3,
          null,
          null
        ]
      },
      "/home/shripad/capstone-matching/app/models/professor.rb": {
        "lines": [
          1,
          1,
          1,
          null,
          1,
          1,
          1,
          null,
          1,
          1,
          1,
          1,
          null,
          null
        ]
      },
      "/home/shripad/capstone-matching/app/controllers/prof_landing_controller.rb": {
        "lines": [
          1,
          1,
          null,
          null
        ]
      },
      "/home/shripad/capstone-matching/app/controllers/projects_controller.rb": {
        "lines": [
          1,
          1,
          4,
          4,
          null,
          4,
          2,
          null,
          2,
          null,
          null,
          null,
          1,
          3,
          null,
          null,
          1,
          2,
          2,
          2,
          1,
          2,
          null,
          2,
          1,
          null,
          null,
          null,
          null,
          1,
          1,
          2,
          null,
          null
        ]
      },
      "/home/shripad/capstone-matching/app/models/project.rb": {
        "lines": [
          1,
          1,
          1,
          1,
          null
        ]
      },
      "/home/shripad/capstone-matching/app/controllers/users/omniauth_callbacks_controller.rb": {
        "lines": [
          null,
          null,
          1,
          null,
          null,
          null,
          null,
          null,
          null,
          null,
          null,
          null,
          null,
          null,
          null,
          null,
          null,
          null,
          null,
          null,
          null,
          null,
          null,
          null,
          null,
          null,
          null,
          null,
          null,
          null,
          1,
          0,
          0,
          0,
          0,
          0,
          0,
          null,
          null,
          null,
          null,
          null,
          0,
          0,
          null,
          null,
          null,
          1,
          null,
          1,
          0,
          null,
          null,
          1,
          0,
          null,
          null,
          1,
          null,
          1,
          0,
          null,
          null
        ]
      },
      "/home/shripad/capstone-matching/app/controllers/studentform_Controller.rb": {
        "lines": [
          1,
          1,
          null,
          null,
          1,
          null,
          0,
          0,
          0,
          0,
          0,
          0,
          0,
          0,
          0,
          0,
          null,
          0,
          0,
          null,
          0,
          0,
          0,
          null,
          null,
          null,
          0,
          null,
          0,
          null,
          null
        ]
      },
      "/home/shripad/capstone-matching/app/channels/application_cable/channel.rb": {
        "lines": [
          0,
          0,
          0,
          0
        ],
        "branches": {
        }
      },
      "/home/shripad/capstone-matching/app/channels/application_cable/connection.rb": {
        "lines": [
          0,
          0,
          0,
          0
        ],
        "branches": {
        }
      },
      "/home/shripad/capstone-matching/app/controllers/adminlanding_controller.rb": {
        "lines": [
          0,
          0,
          0,
          0
        ],
        "branches": {
        }
      },
      "/home/shripad/capstone-matching/app/controllers/dev_test_controller.rb": {
        "lines": [
          null,
          null,
          0,
          null,
          0,
          0,
          null,
          0,
          null,
          0,
          0,
          0,
          0,
          null,
          null,
          0,
          0,
          0,
          null,
          0,
          0,
          0,
          null,
          null,
          null,
          0,
          null,
          null,
          0,
          null,
          0,
          null,
          0,
          0,
          null,
          0,
          0,
          0,
          0,
          0,
          null,
          0,
          0,
          null,
          null,
          0
        ],
        "branches": {
        }
      },
      "/home/shripad/capstone-matching/app/controllers/manageprof_controller.rb": {
        "lines": [
          0,
          0,
          0,
          0,
          null,
          0,
          0,
          0,
          0,
          null,
          0,
          0,
          0,
          null,
          0,
          0,
          0,
          null,
          0,
          0,
          null,
          0,
          0,
          0,
          null,
          0,
          0,
          0,
          0,
          null,
          0,
          0,
          0,
          null,
          null,
          0,
          0,
          0,
          0,
          0,
          0,
          0,
          0,
          0,
          0,
          0,
          0,
          0,
          0,
          0,
          0,
          null,
          0,
          0,
          0,
          0,
          0,
          0,
          0,
          0,
          0,
          0,
          0,
          0,
          null,
          0,
          0,
          0,
          null,
          0,
          0,
          0,
          0,
          null,
          0,
          0,
          null,
          0,
          0,
          0,
          0,
          0,
          null,
          0,
          null,
          null
        ],
        "branches": {
        }
      },
      "/home/shripad/capstone-matching/app/controllers/users/confirmations_controller.rb": {
        "lines": [
          null,
          null,
          null,
          null,
          null,
          null,
          null,
          null,
          null,
          null,
          null,
          null,
          null,
          null,
          null,
          null,
          null,
          null,
          null,
          null,
          null,
          null,
          null,
          null,
          null,
          null,
          null,
          null,
          null,
          null
        ],
        "branches": {
        }
      },
      "/home/shripad/capstone-matching/app/controllers/users/passwords_controller.rb": {
        "lines": [
          null,
          null,
          null,
          null,
          null,
          null,
          null,
          null,
          null,
          null,
          null,
          null,
          null,
          null,
          null,
          null,
          null,
          null,
          null,
          null,
          null,
          null,
          null,
          null,
          null,
          null,
          null,
          null,
          null,
          null,
          null,
          null,
          null,
          null
        ],
        "branches": {
        }
      },
      "/home/shripad/capstone-matching/app/controllers/users/registrations_controller.rb": {
        "lines": [
          null,
          null,
          null,
          null,
          null,
          null,
          null,
          null,
          null,
          null,
          null,
          null,
          null,
          null,
          null,
          null,
          null,
          null,
          null,
          null,
          null,
          null,
          null,
          null,
          null,
          null,
          null,
          null,
          null,
          null,
          null,
          null,
          null,
          null,
          null,
          null,
          null,
          null,
          null,
          null,
          null,
          null,
          null,
          null,
          null,
          null,
          null,
          null,
          null,
          null,
          null,
          null,
          null,
          null,
          null,
          null,
          null,
          null,
          null,
          null,
          null,
          null
        ],
        "branches": {
        }
      },
      "/home/shripad/capstone-matching/app/controllers/users/unlocks_controller.rb": {
        "lines": [
          null,
          null,
          null,
          null,
          null,
          null,
          null,
          null,
          null,
          null,
          null,
          null,
          null,
          null,
          null,
          null,
          null,
          null,
          null,
          null,
          null,
          null,
          null,
          null,
          null,
          null,
          null,
          null,
          null,
          null
        ],
        "branches": {
        }
      },
      "/home/shripad/capstone-matching/app/jobs/application_job.rb": {
        "lines": [
          0,
          null,
          null,
          null,
          null,
          null,
          0
        ],
        "branches": {
        }
      },
      "/home/shripad/capstone-matching/app/mailers/application_mailer.rb": {
        "lines": [
          0,
          0,
          0,
          0
        ],
        "branches": {
        }
      },
      "/home/shripad/capstone-matching/app/models/studentForm.rb": {
        "lines": [
          0,
          0,
          0,
          0,
          null,
          0,
          0
        ],
        "branches": {
        }
      }
    },
    "timestamp": 1697227675
  },
  "RSpec": {
    "coverage": {
      "/home/ubuntu/capstone-matching/app/models/user.rb": {
        "lines": [
          1,
          null,
          null,
          1,
          null,
          null,
          null,
          1,
          1,
          1,
          1,
          1,
          1,
          1,
          null,
          null,
          null,
          1,
          null,
          null,
          null,
          null,
          null,
          1,
          null,
          1,
          null,
          null,
          null,
          null,
          null,
          null,
          null
        ]
      },
      "/home/ubuntu/capstone-matching/app/models/application_record.rb": {
        "lines": [
          1,
          1,
          null
        ]
      },
      "/home/ubuntu/capstone-matching/app/helpers/application_helper.rb": {
        "lines": [
          1,
          null
        ]
      },
      "/home/ubuntu/capstone-matching/app/helpers/home_helper.rb": {
        "lines": [
          1,
          null
        ]
      },
      "/home/ubuntu/capstone-matching/app/controllers/ProfregistrationController.rb": {
        "lines": [
          1,
          1,
          null,
          null,
          1,
          null,
          6,
          6,
          6,
          null,
          6,
          4,
          null,
          4,
          2,
          null,
          2,
          2,
          2,
          null,
          null,
          null,
          2,
          null,
          6,
          null,
          null
        ]
      },
      "/home/ubuntu/capstone-matching/app/controllers/application_controller.rb": {
        "lines": [
          1,
          null
        ]
      },
      "/home/ubuntu/capstone-matching/app/controllers/projects_controller.rb": {
        "lines": [
          1,
          1,
          0,
          0,
          null,
          0,
          0,
          null,
          0,
          null,
          null,
          null,
          1,
          0,
          null,
          null,
          1,
          2,
          2,
          2,
          1,
          2,
          null,
          2,
          1,
          null,
          null,
          null,
          null,
          1,
          1,
          2,
          null,
          null
        ]
      },
      "/home/ubuntu/capstone-matching/app/controllers/users/omniauth_callbacks_controller.rb": {
        "lines": [
          null,
          null,
          1,
          null,
          null,
          null,
          null,
          null,
          null,
          null,
          null,
          null,
          null,
          null,
          null,
          null,
          null,
          null,
          null,
          null,
          null,
          null,
          null,
          null,
          null,
          null,
          null,
          null,
          null,
          null,
          1,
          2,
          1,
          1,
          1,
          1,
          1,
          null,
          null,
          null,
          null,
          null,
          1,
          1,
          null,
          null,
          null,
          1,
          null,
          1,
          1,
          null,
          null,
          1,
          1,
          null,
          null,
          1,
          null,
          1,
          3,
          null,
          null
        ]
      },
      "/home/ubuntu/capstone-matching/app/controllers/users/sessions_controller.rb": {
        "lines": [
          null,
          null,
          1,
          null,
          null,
          null,
          null,
          null,
          null,
          null,
          null,
          null,
          null,
          null,
          null,
          null,
          null,
          null,
          null,
          null,
          null,
          null,
          null,
          null,
          null,
          null,
          null,
          1,
          1,
          null,
          null,
          1,
          0,
          null,
          null
        ]
      },
      "/home/ubuntu/capstone-matching/app/models/professor.rb": {
        "lines": [
          1,
          1,
          1,
          null,
          1,
          1,
          1,
          null,
          1,
          1,
          1,
          1,
          null,
          null
        ]
      },
      "/home/ubuntu/capstone-matching/app/models/project.rb": {
        "lines": [
          1,
          1,
          1,
          1,
          null
        ]
      },
      "/home/ubuntu/capstone-matching/app/channels/application_cable/channel.rb": {
        "lines": [
          0,
          0,
          0,
          0
        ],
        "branches": {
        }
      },
      "/home/ubuntu/capstone-matching/app/channels/application_cable/connection.rb": {
        "lines": [
          0,
          0,
          0,
          0
        ],
        "branches": {
        }
      },
      "/home/ubuntu/capstone-matching/app/controllers/home_controller.rb": {
        "lines": [
          0,
          0,
          0,
          0
        ],
        "branches": {
        }
      },
      "/home/ubuntu/capstone-matching/app/controllers/prof_landing_controller.rb": {
        "lines": [
          0,
          0,
          0,
          0
        ],
        "branches": {
        }
      },
      "/home/ubuntu/capstone-matching/app/controllers/studentform_Controller.rb": {
        "lines": [
          0,
          0,
          0,
          null,
          0,
          null,
          0,
          0,
          0,
          0,
          0,
          0,
          0,
          0,
          0,
          0,
          null,
          0,
          0,
          0,
          0,
          0,
          0,
          0,
          0,
          0,
          0,
          0,
          0,
          0,
          0
        ],
        "branches": {
        }
      },
      "/home/ubuntu/capstone-matching/app/controllers/users/confirmations_controller.rb": {
        "lines": [
          null,
          null,
          null,
          null,
          null,
          null,
          null,
          null,
          null,
          null,
          null,
          null,
          null,
          null,
          null,
          null,
          null,
          null,
          null,
          null,
          null,
          null,
          null,
          null,
          null,
          null,
          null,
          null,
          null,
          null
        ],
        "branches": {
        }
      },
      "/home/ubuntu/capstone-matching/app/controllers/users/passwords_controller.rb": {
        "lines": [
          null,
          null,
          null,
          null,
          null,
          null,
          null,
          null,
          null,
          null,
          null,
          null,
          null,
          null,
          null,
          null,
          null,
          null,
          null,
          null,
          null,
          null,
          null,
          null,
          null,
          null,
          null,
          null,
          null,
          null,
          null,
          null,
          null,
          null
        ],
        "branches": {
        }
      },
      "/home/ubuntu/capstone-matching/app/controllers/users/registrations_controller.rb": {
        "lines": [
          null,
          null,
          null,
          null,
          null,
          null,
          null,
          null,
          null,
          null,
          null,
          null,
          null,
          null,
          null,
          null,
          null,
          null,
          null,
          null,
          null,
          null,
          null,
          null,
          null,
          null,
          null,
          null,
          null,
          null,
          null,
          null,
          null,
          null,
          null,
          null,
          null,
          null,
          null,
          null,
          null,
          null,
          null,
          null,
          null,
          null,
          null,
          null,
          null,
          null,
          null,
          null,
          null,
          null,
          null,
          null,
          null,
          null,
          null,
          null,
          null,
          null
        ],
        "branches": {
        }
      },
      "/home/ubuntu/capstone-matching/app/controllers/users/unlocks_controller.rb": {
        "lines": [
          null,
          null,
          null,
          null,
          null,
          null,
          null,
          null,
          null,
          null,
          null,
          null,
          null,
          null,
          null,
          null,
          null,
          null,
          null,
          null,
          null,
          null,
          null,
          null,
          null,
          null,
          null,
          null,
          null,
          null
        ],
        "branches": {
        }
      },
      "/home/ubuntu/capstone-matching/app/jobs/application_job.rb": {
        "lines": [
          0,
          null,
          null,
          null,
          null,
          null,
          0
        ],
        "branches": {
        }
      },
      "/home/ubuntu/capstone-matching/app/mailers/application_mailer.rb": {
        "lines": [
          0,
          0,
          0,
          0
        ],
        "branches": {
        }
      },
      "/home/ubuntu/capstone-matching/app/models/studentForm.rb": {
        "lines": [
          0,
          0,
          0,
          0,
          null,
          0,
          0
        ],
        "branches": {
        }
      }
    },
    "timestamp": 1697204740
  }
}
